<?xml version="1.0" encoding="UTF-8"?>
<beans xmlns="http://www.springframework.org/schema/beans"
       xmlns:xsi="http://www.w3.org/2001/XMLSchema-instance"
       xmlns:context="http://www.springframework.org/schema/context"
       xsi:schemaLocation="http://www.springframework.org/schema/beans http://www.springframework.org/schema/beans/spring-beans.xsd http://www.springframework.org/schema/context http://www.springframework.org/schema/context/spring-context.xsd">

    <context:component-scan base-package="common"/>

    <bean id="jedisShardInfo" class="redis.clients.jedis.JedisShardInfo">
        <constructor-arg value="172.17.34.126"/>
        <constructor-arg value="6379"/>
    </bean>

    <bean id="jedisConnectionFactory" class="org.springframework.data.redis.connection.jedis.JedisConnectionFactory">
        <constructor-arg ref="jedisShardInfo"/>
    </bean>

    <bean id="stringRedisTemplate" class="org.springframework.data.redis.core.StringRedisTemplate">
        <constructor-arg ref="jedisConnectionFactory"/>
    </bean>

    <bean id = "redisCommandsManager" class="dal.RedisCommandsManager"/>

    <bean id = "routeSegmentProcessor" class="processing.RouteSegmentProcessor"/>

    <bean id = "polylineEncoder" class="processing.PolylineEncoder"/>

</beans>